0 info it worked if it ends with ok
1 verbose cli [ 'C:\\Program Files\\nodejs\\node.exe',
1 verbose cli   'C:\\Program Files\\nodejs\\node_modules\\npm\\bin\\npm-cli.js',
1 verbose cli   'publish' ]
2 info using npm@3.3.6
3 info using node@v5.0.0
4 verbose publish [ '.' ]
5 silly cache add args [ '.', null ]
6 verbose cache add spec .
7 silly cache add parsed spec Result {
7 silly cache add   raw: '.',
7 silly cache add   scope: null,
7 silly cache add   name: null,
7 silly cache add   rawSpec: '.',
7 silly cache add   spec: 'F:\\NodeJs\\ELife',
7 silly cache add   type: 'directory' }
8 verbose addLocalDirectory C:\Users\DIARRA\AppData\Roaming\npm-cache\elife\1.0.0\package.tgz not in flight; packing
9 info lifecycle elife@1.0.0~prepublish: elife@1.0.0
10 silly lifecycle elife@1.0.0~prepublish: no script for prepublish, continuing
11 verbose tar pack [ 'C:\\Users\\DIARRA\\AppData\\Roaming\\npm-cache\\elife\\1.0.0\\package.tgz',
11 verbose tar pack   'F:\\NodeJs\\ELife' ]
12 verbose tarball C:\Users\DIARRA\AppData\Roaming\npm-cache\elife\1.0.0\package.tgz
13 verbose folder F:\NodeJs\ELife
14 verbose addLocalTarball adding from inside cache C:\Users\DIARRA\AppData\Roaming\npm-cache\elife\1.0.0\package.tgz
15 silly cache afterAdd elife@1.0.0
16 verbose afterAdd C:\Users\DIARRA\AppData\Roaming\npm-cache\elife\1.0.0\package\package.json not in flight; writing
17 verbose afterAdd C:\Users\DIARRA\AppData\Roaming\npm-cache\elife\1.0.0\package\package.json written
18 silly publish { name: 'elife',
18 silly publish   version: '1.0.0',
18 silly publish   description: 'Express life // jump start your web application with express',
18 silly publish   main: 'index.js',
18 silly publish   scripts: { test: 'echo "Error: no test specified" && exit 1' },
18 silly publish   repository:
18 silly publish    { type: 'git',
18 silly publish      url: 'git+https://github.com/DIMLEO/express-life.git' },
18 silly publish   keywords:
18 silly publish    [ 'express',
18 silly publish      'mvc',
18 silly publish      'blade',
18 silly publish      'ORM',
18 silly publish      'MYSQL',
18 silly publish      'SQLITE',
18 silly publish      'POSTGREY',
18 silly publish      'NodeJs' ],
18 silly publish   author: { name: 'Diarra Mamadou' },
18 silly publish   license: 'MIT',
18 silly publish   bugs: { url: 'https://github.com/DIMLEO/express-life/issues' },
18 silly publish   homepage: 'https://github.com/DIMLEO/express-life#readme',
18 silly publish   dependencies: { express: '^4.13.3', 'type-of-is': '~3.4.0' },
18 silly publish   readme: '# elife extends express\r\n\r\nFast, unopinionated, minimalist web framework for [node](http://nodejs.org).\r\n\r\n## Installation\r\n\r\n```bash\r\n$ npm install elife\r\n```\r\n\r\n## Configuration : app/bootstrap/app.js\r\n```js\r\n    mode : "dev", /**** values : dev, prod ****/\r\n\r\n    port: 8080,\r\n\r\n    /*\r\n     * do not forget to change the port in the Host\r\n     */\r\n    host : \'http://localhost:8080\',\r\n    ....\r\n```\r\n\r\n## Routing : app/routes.js\r\n```js\r\nmodule.exports = function(View, Env, Filre){\r\n    var routes = {};\r\n\r\n    routes.get = {\r\n        \'/\': function (req, res) {\r\n            res.send(View.make(\'index.html\'));\r\n        }\r\n    };\r\n\r\n    routes.all = {\r\n        \'/test\': function (req, res) {\r\n            res.send(\r\n                View.make(\'test.blade\', {\r\n                        lname : "DIARRA",\r\n                        fname : "Mamdou"\r\n                    })\r\n            );\r\n        }\r\n    };\r\n    ....\r\n```\r\n\r\n## index.js\r\n```js\r\nvar boot =  require(\'./app/bootstrap/boot\');\r\n\r\n//database creation and table is ready\r\n$dbsm.ready(function(){\r\n\r\n    console.log(\'Database is Ready\');\r\n\r\n});\r\n```\r\n\r\n## Features\r\n\r\n  * Express Robust routing\r\n  * Laravel Blade template\r\n  * Blade esay extends\r\n  * Laravel eloquent ORM\r\n  * create database if not exists\r\n  * create table of model required\r\n  * auto-update table when model change\r\n  * lang manager\r\n\r\n\r\n\r\n## License\r\n\r\n  [MIT](LICENSE)',
18 silly publish   readmeFilename: 'README.md',
18 silly publish   gitHead: 'f0e9b9a4ad873c1ff9b0fa64ef5243634ff9fc4b',
18 silly publish   _id: 'elife@1.0.0',
18 silly publish   _shasum: '9a3ee076ab989933511a376d80993bace5296556',
18 silly publish   _from: '.' }
19 verbose getPublishConfig undefined
20 silly mapToRegistry name elife
21 silly mapToRegistry using default registry
22 silly mapToRegistry registry https://registry.npmjs.org/
23 silly mapToRegistry uri https://registry.npmjs.org/elife
24 verbose publish registryBase https://registry.npmjs.org/
25 silly publish uploading C:\Users\DIARRA\AppData\Roaming\npm-cache\elife\1.0.0\package.tgz
26 verbose request uri https://registry.npmjs.org/elife
27 verbose request sending authorization for write operation
28 info attempt registry request try #1 at 01:49:08
29 verbose request using bearer token for auth
30 verbose request id e7aee3e16173d254
31 http request PUT https://registry.npmjs.org/elife
32 http 403 https://registry.npmjs.org/elife
33 verbose headers { 'content-type': 'application/json',
33 verbose headers   'cache-control': 'max-age=300',
33 verbose headers   'content-length': '95',
33 verbose headers   'accept-ranges': 'bytes',
33 verbose headers   date: 'Fri, 18 Dec 2015 01:49:14 GMT',
33 verbose headers   via: '1.1 varnish',
33 verbose headers   connection: 'keep-alive',
33 verbose headers   'x-served-by': 'cache-lhr6335-LHR',
33 verbose headers   'x-cache': 'MISS',
33 verbose headers   'x-cache-hits': '0',
33 verbose headers   'x-timer': 'S1450403352.863249,VS0,VE1407' }
34 verbose request invalidating C:\Users\DIARRA\AppData\Roaming\npm-cache\registry.npmjs.org\elife on PUT
35 error publish Failed PUT 403
36 verbose stack Error: "You cannot publish over the previously published version 1.0.0." : elife
36 verbose stack     at makeError (C:\Program Files\nodejs\node_modules\npm\node_modules\npm-registry-client\lib\request.js:264:12)
36 verbose stack     at CachingRegistryClient.<anonymous> (C:\Program Files\nodejs\node_modules\npm\node_modules\npm-registry-client\lib\request.js:252:14)
36 verbose stack     at Request._callback (C:\Program Files\nodejs\node_modules\npm\node_modules\npm-registry-client\lib\request.js:172:14)
36 verbose stack     at Request.self.callback (C:\Program Files\nodejs\node_modules\npm\node_modules\request\request.js:198:22)
36 verbose stack     at emitTwo (events.js:87:13)
36 verbose stack     at Request.emit (events.js:172:7)
36 verbose stack     at Request.<anonymous> (C:\Program Files\nodejs\node_modules\npm\node_modules\request\request.js:1063:14)
36 verbose stack     at emitOne (events.js:82:20)
36 verbose stack     at Request.emit (events.js:169:7)
36 verbose stack     at IncomingMessage.<anonymous> (C:\Program Files\nodejs\node_modules\npm\node_modules\request\request.js:1009:12)
37 verbose statusCode 403
38 verbose pkgid elife
39 verbose cwd F:\NodeJs\ELife
40 error Windows_NT 6.3.9600
41 error argv "C:\\Program Files\\nodejs\\node.exe" "C:\\Program Files\\nodejs\\node_modules\\npm\\bin\\npm-cli.js" "publish"
42 error node v5.0.0
43 error npm  v3.3.6
44 error code E403
45 error "You cannot publish over the previously published version 1.0.0." : elife
46 error If you need help, you may report this error at:
46 error     <https://github.com/npm/npm/issues>
47 verbose exit [ 1, true ]
